{
    "invariant": {
        "text_description": "Consistency Relation between torch.nn.Parameter.data and torch.nn.Parameter.data",
        "relation": "ConsistencyRelation",
        "params": [
            {
                "param_type": "VarTypeParam",
                "var_type": "torch.nn.Parameter",
                "attr_name": "data"
            },
            {
                "param_type": "VarTypeParam",
                "var_type": "torch.nn.Parameter",
                "attr_name": "data"
            }
        ],
        "precondition": {
            "var": {
                "inverted": false,
                "preconditions": [
                    {
                        "clauses": [
                            {
                                "type": "unequal",
                                "prop_name": "process_id",
                                "additional_path": "None",
                                "prop_dtype": "int"
                            },
                            {
                                "type": "unequal",
                                "prop_name": "attributes._ML_DAIKON_data_ID",
                                "additional_path": "None",
                                "prop_dtype": "float"
                            },
                            {
                                "type": "unequal",
                                "prop_name": "thread_id",
                                "additional_path": "None",
                                "prop_dtype": "int"
                            },
                            {
                                "type": "unequal",
                                "prop_name": "meta_vars._DATA_PARALLEL_RANK",
                                "additional_path": "None",
                                "prop_dtype": "float"
                            },
                            {
                                "type": "consistent",
                                "prop_name": "attributes.nbytes",
                                "additional_path": "None",
                                "prop_dtype": "float"
                            },
                            {
                                "type": "consistent",
                                "prop_name": "meta_vars.step",
                                "additional_path": "None",
                                "prop_dtype": "int"
                            },
                            {
                                "type": "consistent",
                                "prop_name": "attributes.ndim",
                                "additional_path": "None",
                                "prop_dtype": "float"
                            }
                        ]
                    }
                ]
            }
        },
        "num_positive_examples": 448,
        "num_negative_examples": 2352
    },
    "check_passed": false,
    "triggered": true,
    "detection_time": 2437539087694,
    "detection_time_percentage": 0.11851643004648255,
    "trace": [
        {
            "var_name": "model.bn1.weight",
            "var_type": "torch.nn.Parameter",
            "process_id": 9591,
            "thread_id": 140324043503424,
            "meta_vars.step": 0,
            "meta_vars.stage": "training",
            "type": "state_change",
            "attributes._ML_DAIKON_data_ID": 140317529048544,
            "attributes.data": 7177739887326100160,
            "attributes.dtype": "torch.float32",
            "attributes.grad": null,
            "attributes.grad_fn": null,
            "attributes.is_cpu": false,
            "attributes.is_cuda": true,
            "attributes.is_ipu": false,
            "attributes.is_leaf": true,
            "attributes.is_meta": false,
            "attributes.is_mkldnn": false,
            "attributes.is_mps": false,
            "attributes.is_mtia": false,
            "attributes.is_nested": false,
            "attributes.is_ort": false,
            "attributes.is_quantized": false,
            "attributes.is_sparse": false,
            "attributes.is_sparse_csr": false,
            "attributes.is_vulkan": false,
            "attributes.is_xla": false,
            "attributes.is_xpu": false,
            "attributes.itemsize": 4,
            "attributes.name": null,
            "attributes.nbytes": 256,
            "attributes.ndim": 1,
            "attributes.requires_grad": true,
            "attributes.retains_grad": false,
            "attributes.shape": [
                64
            ],
            "time": 2437504805077,
            "meta_vars._DATA_PARALLEL_RANK": 5.0,
            "attributes._ML_DAIKON_grad_ID": NaN
        },
        {
            "var_name": "model.bn1.bias",
            "var_type": "torch.nn.Parameter",
            "process_id": 9747,
            "thread_id": 140028492969792,
            "meta_vars.step": 0,
            "meta_vars.stage": "training",
            "type": "state_change",
            "attributes._ML_DAIKON_data_ID": 140021978318304,
            "attributes.data": -5338016848865215808,
            "attributes.dtype": "torch.float32",
            "attributes.grad": null,
            "attributes.grad_fn": null,
            "attributes.is_cpu": false,
            "attributes.is_cuda": true,
            "attributes.is_ipu": false,
            "attributes.is_leaf": true,
            "attributes.is_meta": false,
            "attributes.is_mkldnn": false,
            "attributes.is_mps": false,
            "attributes.is_mtia": false,
            "attributes.is_nested": false,
            "attributes.is_ort": false,
            "attributes.is_quantized": false,
            "attributes.is_sparse": false,
            "attributes.is_sparse_csr": false,
            "attributes.is_vulkan": false,
            "attributes.is_xla": false,
            "attributes.is_xpu": false,
            "attributes.itemsize": 4,
            "attributes.name": null,
            "attributes.nbytes": 256,
            "attributes.ndim": 1,
            "attributes.requires_grad": true,
            "attributes.retains_grad": false,
            "attributes.shape": [
                64
            ],
            "time": 2437539087694,
            "meta_vars._DATA_PARALLEL_RANK": 7.0,
            "attributes._ML_DAIKON_grad_ID": NaN
        }
    ]
}
